1482180742043	geckodriver	INFO	Listening on 127.0.0.1:48179
1482180743026	mozprofile::profile	INFO	Using profile path /tmp/rust_mozprofile.gW7O3EHNxCaC
1482180743027	geckodriver::marionette	INFO	Starting browser /usr/bin/firefox
1482180743035	geckodriver::marionette	INFO	Connecting to Marionette on localhost:37779
1482180744219	Marionette	INFO	Listening on port 37779
1482182083214	geckodriver	INFO	Listening on 127.0.0.1:41635
1482182084212	mozprofile::profile	INFO	Using profile path /tmp/rust_mozprofile.uymE6nnogMcu
1482182084214	geckodriver::marionette	INFO	Starting browser /usr/bin/firefox
1482182084221	geckodriver::marionette	INFO	Connecting to Marionette on localhost:33937
1482182085397	Marionette	INFO	Listening on port 33937
[Child 29804] ###!!! ABORT: Aborting on channel error.: file /tmp/buildd/firefox-50.1.0+linuxmint1+serena/ipc/glue/MessageChannel.cpp, line 2056
[Child 29804] ###!!! ABORT: Aborting on channel error.: file /tmp/buildd/firefox-50.1.0+linuxmint1+serena/ipc/glue/MessageChannel.cpp, line 2056
1482182588241	geckodriver	INFO	Listening on 127.0.0.1:42891
1482182589237	mozprofile::profile	INFO	Using profile path /tmp/rust_mozprofile.8msdblgRbylS
1482182589239	geckodriver::marionette	INFO	Starting browser /usr/bin/firefox
1482182589247	geckodriver::marionette	INFO	Connecting to Marionette on localhost:37095
1482182590424	Marionette	INFO	Listening on port 37095
[Child 2908] ###!!! ABORT: Aborting on channel error.: file /tmp/buildd/firefox-50.1.0+linuxmint1+serena/ipc/glue/MessageChannel.cpp, line 2056
[Child 2908] ###!!! ABORT: Aborting on channel error.: file /tmp/buildd/firefox-50.1.0+linuxmint1+serena/ipc/glue/MessageChannel.cpp, line 2056
1482182599921	geckodriver	INFO	Listening on 127.0.0.1:47675
1482182600903	mozprofile::profile	INFO	Using profile path /tmp/rust_mozprofile.vJt9ZPfZz59I
1482182600905	geckodriver::marionette	INFO	Starting browser /usr/bin/firefox
1482182600914	geckodriver::marionette	INFO	Connecting to Marionette on localhost:46745
1482182602135	Marionette	INFO	Listening on port 46745
[Child 3292] ###!!! ABORT: Aborting on channel error.: file /tmp/buildd/firefox-50.1.0+linuxmint1+serena/ipc/glue/MessageChannel.cpp, line 2056
[Child 3292] ###!!! ABORT: Aborting on channel error.: file /tmp/buildd/firefox-50.1.0+linuxmint1+serena/ipc/glue/MessageChannel.cpp, line 2056
